[25-Jun-2023 18:07:30] NOTICE: fpm is running, pid 9922
[25-Jun-2023 18:07:30] NOTICE: ready to handle connections
[25-Jun-2023 18:18:18] NOTICE: Terminating ...
[25-Jun-2023 18:18:18] NOTICE: Terminating ...
[25-Jun-2023 18:18:18] NOTICE: exiting, bye-bye!
[25-Jun-2023 21:11:33] NOTICE: fpm is running, pid 21499
[25-Jun-2023 21:11:33] NOTICE: ready to handle connections
[25-Jun-2023 21:12:24] NOTICE: Terminating ...
[25-Jun-2023 21:12:24] NOTICE: Terminating ...
[25-Jun-2023 21:12:24] NOTICE: exiting, bye-bye!
[25-Jun-2023 21:12:28] NOTICE: fpm is running, pid 21754
[25-Jun-2023 21:12:28] NOTICE: ready to handle connections
[26-Jun-2023 20:18:42] NOTICE: fpm is running, pid 4741
[26-Jun-2023 20:18:42] NOTICE: ready to handle connections
[30-Jun-2023 22:26:47] NOTICE: fpm is running, pid 3957
[30-Jun-2023 22:26:47] NOTICE: ready to handle connections
[30-Jun-2023 22:27:07] NOTICE: Terminating ...
[30-Jun-2023 22:27:07] NOTICE: Terminating ...
[30-Jun-2023 22:27:07] NOTICE: exiting, bye-bye!
[30-Jun-2023 22:27:18] NOTICE: fpm is running, pid 4315
[30-Jun-2023 22:27:18] NOTICE: ready to handle connections
[30-Jun-2023 22:27:34] NOTICE: Terminating ...
[30-Jun-2023 22:27:34] NOTICE: exiting, bye-bye!
[30-Jun-2023 22:27:45] NOTICE: fpm is running, pid 4666
[30-Jun-2023 22:27:45] NOTICE: ready to handle connections
[30-Jun-2023 22:28:01] NOTICE: Terminating ...
[30-Jun-2023 22:28:01] NOTICE: Terminating ...
[30-Jun-2023 22:28:01] NOTICE: exiting, bye-bye!
[30-Jun-2023 22:28:06] NOTICE: fpm is running, pid 4971
[30-Jun-2023 22:28:06] NOTICE: ready to handle connections
[30-Jun-2023 22:28:22] NOTICE: Terminating ...
[30-Jun-2023 22:28:22] NOTICE: exiting, bye-bye!
[30-Jun-2023 22:28:30] NOTICE: fpm is running, pid 5092
[30-Jun-2023 22:28:30] NOTICE: ready to handle connections
[30-Jun-2023 22:31:13] NOTICE: Terminating ...
[30-Jun-2023 22:31:13] NOTICE: Terminating ...
[30-Jun-2023 22:31:13] NOTICE: exiting, bye-bye!
[30-Jun-2023 22:31:17] NOTICE: fpm is running, pid 5843
[30-Jun-2023 22:31:17] NOTICE: ready to handle connections
[30-Jun-2023 22:31:35] NOTICE: Terminating ...
[30-Jun-2023 22:31:35] NOTICE: Terminating ...
[30-Jun-2023 22:31:35] NOTICE: exiting, bye-bye!
[30-Jun-2023 22:32:29] NOTICE: fpm is running, pid 6174
[30-Jun-2023 22:32:29] NOTICE: ready to handle connections
[30-Jun-2023 23:41:41] NOTICE: Terminating ...
[30-Jun-2023 23:41:41] NOTICE: Terminating ...
[30-Jun-2023 23:41:42] NOTICE: exiting, bye-bye!
[01-Jul-2023 10:15:51] NOTICE: fpm is running, pid 4675
[01-Jul-2023 10:15:51] NOTICE: ready to handle connections
[01-Jul-2023 12:15:31] NOTICE: Terminating ...
[01-Jul-2023 12:15:31] NOTICE: Terminating ...
[01-Jul-2023 12:15:31] NOTICE: exiting, bye-bye!
[01-Jul-2023 23:34:17] NOTICE: fpm is running, pid 8656
[01-Jul-2023 23:34:18] NOTICE: ready to handle connections
[01-Jul-2023 23:36:55] NOTICE: Terminating ...
[01-Jul-2023 23:36:55] NOTICE: Terminating ...
[01-Jul-2023 23:36:55] NOTICE: exiting, bye-bye!
[01-Jul-2023 23:36:58] NOTICE: fpm is running, pid 8878
[01-Jul-2023 23:36:58] NOTICE: ready to handle connections
[02-Jul-2023 09:33:54] NOTICE: fpm is running, pid 4316
[02-Jul-2023 09:33:54] NOTICE: ready to handle connections
[02-Jul-2023 09:34:11] NOTICE: Terminating ...
[02-Jul-2023 09:34:11] NOTICE: exiting, bye-bye!
[02-Jul-2023 09:34:14] NOTICE: fpm is running, pid 4387
[02-Jul-2023 09:34:14] NOTICE: ready to handle connections
[02-Jul-2023 12:22:46] NOTICE: Terminating ...
[02-Jul-2023 12:22:47] NOTICE: exiting, bye-bye!
[02-Jul-2023 14:37:32] NOTICE: fpm is running, pid 3837
[02-Jul-2023 14:37:32] NOTICE: ready to handle connections
[02-Jul-2023 14:41:26] NOTICE: Terminating ...
[02-Jul-2023 14:41:26] NOTICE: Terminating ...
[02-Jul-2023 14:41:26] NOTICE: exiting, bye-bye!
[02-Jul-2023 14:41:30] NOTICE: fpm is running, pid 4417
[02-Jul-2023 14:41:30] NOTICE: ready to handle connections
[02-Jul-2023 15:59:54] NOTICE: Terminating ...
[02-Jul-2023 15:59:55] NOTICE: Terminating ...
[02-Jul-2023 15:59:55] NOTICE: exiting, bye-bye!
[04-Jul-2023 20:26:03] NOTICE: fpm is running, pid 5370
[04-Jul-2023 20:26:03] NOTICE: ready to handle connections
[04-Jul-2023 20:26:19] NOTICE: Terminating ...
[04-Jul-2023 20:26:19] NOTICE: Terminating ...
[04-Jul-2023 20:26:19] NOTICE: exiting, bye-bye!
[04-Jul-2023 20:26:22] NOTICE: fpm is running, pid 5440
[04-Jul-2023 20:26:22] NOTICE: ready to handle connections
[04-Jul-2023 21:29:05] NOTICE: fpm is running, pid 4185
[04-Jul-2023 21:29:05] NOTICE: ready to handle connections
[04-Jul-2023 21:29:40] NOTICE: Terminating ...
[04-Jul-2023 21:29:40] NOTICE: Terminating ...
[04-Jul-2023 21:29:40] NOTICE: exiting, bye-bye!
[04-Jul-2023 21:29:43] NOTICE: fpm is running, pid 4416
[04-Jul-2023 21:29:43] NOTICE: ready to handle connections
[04-Jul-2023 21:53:06] NOTICE: Terminating ...
[04-Jul-2023 21:53:06] NOTICE: Terminating ...
[04-Jul-2023 21:53:06] NOTICE: exiting, bye-bye!
[06-Jul-2023 19:51:33] NOTICE: fpm is running, pid 4379
[06-Jul-2023 19:51:33] NOTICE: ready to handle connections
[06-Jul-2023 19:51:55] NOTICE: Terminating ...
[06-Jul-2023 19:51:55] NOTICE: Terminating ...
[06-Jul-2023 19:51:55] NOTICE: exiting, bye-bye!
[06-Jul-2023 19:51:58] NOTICE: fpm is running, pid 4450
[06-Jul-2023 19:51:58] NOTICE: ready to handle connections
[06-Jul-2023 23:34:16] NOTICE: Terminating ...
[06-Jul-2023 23:34:18] NOTICE: exiting, bye-bye!
[13-Jul-2023 22:35:06] NOTICE: fpm is running, pid 17988
[13-Jul-2023 22:35:06] NOTICE: ready to handle connections
[13-Jul-2023 22:35:24] NOTICE: Terminating ...
[13-Jul-2023 22:35:24] NOTICE: exiting, bye-bye!
[13-Jul-2023 22:35:27] NOTICE: fpm is running, pid 18059
[13-Jul-2023 22:35:27] NOTICE: ready to handle connections
[13-Jul-2023 23:35:46] NOTICE: Terminating ...
[13-Jul-2023 23:35:46] NOTICE: Terminating ...
[13-Jul-2023 23:35:46] NOTICE: exiting, bye-bye!
[15-Jul-2023 09:36:11] NOTICE: fpm is running, pid 5097
[15-Jul-2023 09:36:11] NOTICE: ready to handle connections
[15-Jul-2023 09:41:45] NOTICE: Terminating ...
[15-Jul-2023 09:41:45] NOTICE: Terminating ...
[15-Jul-2023 09:41:45] NOTICE: exiting, bye-bye!
[15-Jul-2023 09:41:48] NOTICE: fpm is running, pid 5386
[15-Jul-2023 09:41:48] NOTICE: ready to handle connections
[15-Jul-2023 13:38:24] NOTICE: Terminating ...
[15-Jul-2023 13:38:24] NOTICE: exiting, bye-bye!
[16-Jul-2023 11:13:04] NOTICE: fpm is running, pid 5932
[16-Jul-2023 11:13:04] NOTICE: ready to handle connections
[16-Jul-2023 11:13:37] NOTICE: Terminating ...
[16-Jul-2023 11:13:37] NOTICE: Terminating ...
[16-Jul-2023 11:13:37] NOTICE: exiting, bye-bye!
[16-Jul-2023 11:13:41] NOTICE: fpm is running, pid 6126
[16-Jul-2023 11:13:41] NOTICE: ready to handle connections
[16-Jul-2023 11:14:08] NOTICE: Terminating ...
[16-Jul-2023 11:14:08] NOTICE: Terminating ...
[16-Jul-2023 11:14:08] NOTICE: exiting, bye-bye!
[16-Jul-2023 11:14:11] NOTICE: fpm is running, pid 6327
[16-Jul-2023 11:14:11] NOTICE: ready to handle connections
[16-Jul-2023 21:19:18] NOTICE: fpm is running, pid 8849
[16-Jul-2023 21:19:18] NOTICE: ready to handle connections
[16-Jul-2023 21:19:32] NOTICE: Terminating ...
[16-Jul-2023 21:19:32] NOTICE: Terminating ...
[16-Jul-2023 21:19:32] NOTICE: exiting, bye-bye!
[16-Jul-2023 21:19:35] NOTICE: fpm is running, pid 8919
[16-Jul-2023 21:19:35] NOTICE: ready to handle connections
[16-Jul-2023 23:08:36] NOTICE: Terminating ...
[16-Jul-2023 23:08:36] NOTICE: exiting, bye-bye!
[17-Jul-2023 20:18:16] NOTICE: fpm is running, pid 4888
[17-Jul-2023 20:18:16] NOTICE: ready to handle connections
[17-Jul-2023 20:19:56] NOTICE: Terminating ...
[17-Jul-2023 20:19:56] NOTICE: Terminating ...
[17-Jul-2023 20:19:56] NOTICE: exiting, bye-bye!
[17-Jul-2023 20:19:59] NOTICE: fpm is running, pid 4965
[17-Jul-2023 20:19:59] NOTICE: ready to handle connections
[17-Jul-2023 22:56:33] NOTICE: Terminating ...
[17-Jul-2023 22:56:36] NOTICE: exiting, bye-bye!
[18-Jul-2023 20:38:02] NOTICE: fpm is running, pid 7820
[18-Jul-2023 20:38:02] NOTICE: ready to handle connections
[18-Jul-2023 20:38:46] NOTICE: Terminating ...
[18-Jul-2023 20:38:46] NOTICE: Terminating ...
[18-Jul-2023 20:38:46] NOTICE: exiting, bye-bye!
[18-Jul-2023 20:38:53] NOTICE: fpm is running, pid 7944
[18-Jul-2023 20:38:53] NOTICE: ready to handle connections
[18-Jul-2023 20:47:46] NOTICE: Terminating ...
[18-Jul-2023 20:47:46] NOTICE: Terminating ...
[18-Jul-2023 20:47:46] NOTICE: exiting, bye-bye!
[02-Aug-2023 20:03:28] NOTICE: fpm is running, pid 4997
[02-Aug-2023 20:03:28] NOTICE: ready to handle connections
[02-Aug-2023 20:03:53] NOTICE: Terminating ...
[02-Aug-2023 20:03:53] NOTICE: Terminating ...
[02-Aug-2023 20:03:53] NOTICE: exiting, bye-bye!
[02-Aug-2023 20:03:56] NOTICE: fpm is running, pid 5139
[02-Aug-2023 20:03:56] NOTICE: ready to handle connections
[02-Aug-2023 20:04:17] NOTICE: Terminating ...
[02-Aug-2023 20:04:17] NOTICE: Terminating ...
[02-Aug-2023 20:04:17] NOTICE: exiting, bye-bye!
[02-Aug-2023 20:04:23] NOTICE: fpm is running, pid 5291
[02-Aug-2023 20:04:23] NOTICE: ready to handle connections
[02-Aug-2023 20:04:44] NOTICE: Terminating ...
[02-Aug-2023 20:04:44] NOTICE: Terminating ...
[02-Aug-2023 20:04:44] NOTICE: exiting, bye-bye!
[02-Aug-2023 20:04:53] NOTICE: fpm is running, pid 5405
[02-Aug-2023 20:04:53] NOTICE: ready to handle connections
[02-Aug-2023 20:05:21] NOTICE: Terminating ...
[02-Aug-2023 20:05:21] NOTICE: exiting, bye-bye!
[02-Aug-2023 20:06:38] NOTICE: fpm is running, pid 6452
[02-Aug-2023 20:06:38] NOTICE: ready to handle connections
